[2024-02-14 22:37:55,544] 24 root - INFO - data ingestion started
[2024-02-14 22:37:55,615] 27 root - INFO -  reading a df
[2024-02-14 22:37:55,945] 31 root - INFO -  i have saved the raw dataset in artifact folder
[2024-02-14 22:37:55,945] 33 root - INFO - here i have performed train test split
[2024-02-14 22:37:55,956] 36 root - INFO - train test split completed
[2024-02-14 22:37:56,278] 41 root - INFO - data ingestion part completed
[2024-02-14 22:37:56,338] 88 root - INFO - read train and test data complete
[2024-02-14 22:37:56,383] 89 root - INFO - Train Dataframe Head : 
   Unnamed: 0  carat        cut color clarity  depth  table     x     y     z  price
0       14005   0.53       Good     E     SI2   63.0   60.0  5.11  5.14  3.23   1127
1        5539   0.37      Ideal     F     SI1   61.6   56.0  4.61  4.65  2.85    746
2        7407   0.51       Good     E     SI1   64.3   55.0  5.12  5.05  3.27   1624
3        8241   0.31       Good     H    VVS2   63.7   55.0  4.28  4.32  2.74    625
4       26906   0.70  Very Good     I     VS2   62.2   59.0  5.64  5.71  3.53   1666
[2024-02-14 22:37:56,391] 90 root - INFO - Test Dataframe Head : 
   Unnamed: 0  carat        cut color clarity  depth  table     x     y     z  price
0        8674   0.34      Ideal     G      IF   60.9   56.0  4.50  4.53  2.75    974
1        3556   0.51    Premium     E     SI2   59.5   60.0  5.25  5.17  3.10   1294
2        7639   0.59    Premium     H    VVS2   62.3   55.0  5.42  5.33  3.35   1886
3       21692   1.40  Very Good     G     VS2   60.1   62.0  7.16  7.25  4.33  10351
4       12690   1.10    Premium     G     SI2   63.0   59.0  6.50  6.47  0.00   3696
[2024-02-14 22:37:56,391] 33 root - INFO - Data Transformation initiated
[2024-02-14 22:37:56,391] 44 root - INFO - Pipeline Initiated
[2024-02-14 22:37:56,392] 126 root - INFO - Exception occured in the initiate_datatransformation
