[2024-02-14 22:40:30,094] 24 root - INFO - data ingestion started
[2024-02-14 22:40:30,146] 27 root - INFO -  reading a df
[2024-02-14 22:40:30,415] 31 root - INFO -  i have saved the raw dataset in artifact folder
[2024-02-14 22:40:30,415] 33 root - INFO - here i have performed train test split
[2024-02-14 22:40:30,423] 36 root - INFO - train test split completed
[2024-02-14 22:40:30,685] 41 root - INFO - data ingestion part completed
[2024-02-14 22:40:30,739] 88 root - INFO - read train and test data complete
[2024-02-14 22:40:30,749] 89 root - INFO - Train Dataframe Head : 
   Unnamed: 0  carat        cut color clarity  depth  table     x     y     z  price
0       15779   0.55  Very Good     D     SI2   63.2   56.0  5.24  5.21  3.30   1368
1         521   0.31  Very Good     F     VS2   63.4   56.0  4.34  4.31  2.74    802
2       25960   2.00       Good     H     SI2   63.8   59.0  7.93  7.88  5.04  12554
3       22406   0.39      Ideal     G    VVS2   62.0   54.5  4.67  4.70  2.91    952
4       20881   0.53      Ideal     F    VVS2   61.9   56.0  5.18  5.22  3.22   2160
[2024-02-14 22:40:30,758] 90 root - INFO - Test Dataframe Head : 
   Unnamed: 0  carat      cut color clarity  depth  table     x     y     z  price
0        8873   1.09    Ideal     E      IF   60.1   58.0  6.68  6.72  4.03  15193
1       19307   1.21  Premium     H     SI1   62.4   56.0  6.83  6.79  4.25   6566
2       11648   1.50     Good     D     VS2   64.1   54.0  7.17  7.24  4.62  13232
3        3763   1.13    Ideal     F     SI1   59.7   57.0  6.82  6.79  4.06   5342
4       21094   1.01     Good     F    VVS2   63.6   60.0  6.31  6.36  4.03   6932
[2024-02-14 22:40:30,758] 33 root - INFO - Data Transformation initiated
[2024-02-14 22:40:30,759] 44 root - INFO - Pipeline Initiated
[2024-02-14 22:40:30,786] 126 root - INFO - Exception occured in the initiate_datatransformation
