[2024-02-15 19:47:50,358] 24 root - INFO - data ingestion started
[2024-02-15 19:47:50,529] 27 root - INFO -  reading a df
[2024-02-15 19:47:50,845] 31 root - INFO -  i have saved the raw dataset in artifact folder
[2024-02-15 19:47:50,845] 33 root - INFO - here i have performed train test split
[2024-02-15 19:47:50,958] 36 root - INFO - train test split completed
[2024-02-15 19:47:51,229] 41 root - INFO - data ingestion part completed
[2024-02-15 19:47:51,291] 88 root - INFO - read train and test data complete
[2024-02-15 19:47:51,302] 89 root - INFO - Train Dataframe Head : 
   Unnamed: 0  carat      cut color clarity  depth  table     x     y     z  price
0       22927   1.06    Ideal     I     VS2   61.4   57.0  6.57  6.52  4.02   4405
1        5552   0.56    Ideal     I    VVS1   62.0   56.0  5.29  5.26  3.27   1698
2        6001   1.09    Ideal     E     SI1   61.1   55.0  6.66  6.70  4.08   5935
3       21334   0.50  Premium     H     VS1    NaN   58.0  5.22  5.17  3.13   1395
4       24797   0.54    Ideal     D    VVS2   61.2   55.0  5.25  5.31  3.23   2302
[2024-02-15 19:47:51,310] 90 root - INFO - Test Dataframe Head : 
   Unnamed: 0  carat      cut color clarity  depth  table     x     y     z  price
0         382   1.22    Ideal     F    VVS1   61.2   57.0  6.88  6.92  4.22  13029
1        9781   1.18  Premium     H     SI2    NaN   57.0  6.81  6.73  4.17   4956
2       22362   0.36    Ideal     E     VS2   61.7   55.0  4.57  4.60  2.83    742
3       16512   0.92    Ideal     D     SI2   61.9   56.0  6.27  6.20  3.86   2840
4        9537   0.62  Premium     E     SI2   58.6   58.0  5.58  5.52  3.25   1291
[2024-02-15 19:47:51,310] 33 root - INFO - Data Transformation initiated
[2024-02-15 19:47:51,310] 44 root - INFO - Pipeline Initiated
[2024-02-15 19:47:51,479] 108 root - INFO - Applying preprocessing object on training and testing datasets.
[2024-02-15 19:47:51,482] 118 root - INFO - preprocessing pickle file saved
[2024-02-15 19:47:51,484] 26 root - INFO - Splitting Dependent and Independent variables from train and test data
[2024-02-15 19:47:52,501] 44 root - INFO - Model Report : {'LinearRegression': 0.9075202748984892, 'Lasso': 0.90742634046926, 'Ridge': 0.907508696100412, 'Elasticnet': 0.839278379171972}
[2024-02-15 19:47:52,501] 57 root - INFO - Best Model Found , Model Name : LinearRegression , R2 Score : 0.9075202748984892
