[2024-02-17 13:04:26,413] 24 root - INFO - data ingestion started
[2024-02-17 13:04:26,474] 27 root - INFO -  reading a df
[2024-02-17 13:04:26,757] 31 root - INFO -  i have saved the raw dataset in artifact folder
[2024-02-17 13:04:26,757] 33 root - INFO - here i have performed train test split
[2024-02-17 13:04:26,766] 36 root - INFO - train test split completed
[2024-02-17 13:04:27,030] 41 root - INFO - data ingestion part completed
[2024-02-17 13:04:27,087] 88 root - INFO - read train and test data complete
[2024-02-17 13:04:27,098] 89 root - INFO - Train Dataframe Head : 
   Unnamed: 0  carat        cut color clarity  depth  table     x     y     z  price
0       13752   1.08    Premium     D     VS2   61.2   60.0  6.63  6.61  4.05   7824
1       21570   2.54  Very Good     I     SI2   63.4   56.0  8.68  8.64  5.49  12095
2        4439   0.56      Ideal     I    VVS1   62.0   57.0  5.29  5.33  3.29   1580
3        3504   0.42      Ideal     F    VVS2   61.6   56.0  4.83  4.85  2.98   1142
4       20620   0.32       Good     D     SI2   63.9   58.0  4.33  4.31  2.76    612
[2024-02-17 13:04:27,105] 90 root - INFO - Test Dataframe Head : 
   Unnamed: 0  carat        cut color clarity  depth  table     x     y     z  price
0        2634   0.56       Fair     H     VS2   52.7   70.0  5.71  5.57  2.97   1293
1        4038   0.38      Ideal     D    VVS2   61.5   56.0  4.66  4.64  2.86   1257
2       17316   0.24  Very Good     F     VS2   61.3   54.0  4.02  4.07  2.47    461
3       14469   0.34       Good     F     SI1   61.9   56.0  4.50  4.52  2.79    581
4        6007   1.41      Ideal     J     VS1   61.6   56.0  7.19  7.22  4.44   8275
[2024-02-17 13:04:27,106] 33 root - INFO - Data Transformation initiated
[2024-02-17 13:04:27,106] 44 root - INFO - Pipeline Initiated
[2024-02-17 13:04:27,219] 108 root - INFO - Applying preprocessing object on training and testing datasets.
[2024-02-17 13:04:27,222] 118 root - INFO - preprocessing pickle file saved
[2024-02-17 13:04:27,222] 26 root - INFO - Splitting Dependent and Independent variables from train and test data
[2024-02-17 13:04:28,266] 44 root - INFO - Model Report : {'LinearRegression': 0.8504285335128723, 'Lasso': 0.8904977201370289, 'Ridge': 0.8553619480047387, 'Elasticnet': 0.8232241807667049}
[2024-02-17 13:04:28,266] 57 root - INFO - Best Model Found , Model Name : Lasso , R2 Score : 0.8904977201370289
[2024-02-17 13:04:28,267] 15 root - INFO - evaluation started
[2024-02-17 13:04:28,268] 32 root - INFO - model has register
[2024-02-17 13:04:28,550] 20 root - INFO - evaluation metrics captured
