[2024-02-17 13:00:18,537] 24 root - INFO - data ingestion started
[2024-02-17 13:00:18,586] 27 root - INFO -  reading a df
[2024-02-17 13:00:18,810] 31 root - INFO -  i have saved the raw dataset in artifact folder
[2024-02-17 13:00:18,810] 33 root - INFO - here i have performed train test split
[2024-02-17 13:00:18,815] 36 root - INFO - train test split completed
[2024-02-17 13:00:19,041] 41 root - INFO - data ingestion part completed
[2024-02-17 13:00:19,084] 88 root - INFO - read train and test data complete
[2024-02-17 13:00:19,092] 89 root - INFO - Train Dataframe Head : 
   Unnamed: 0  carat        cut color clarity  depth  table     x     y     z  price
0       15432   0.32      Ideal     F    VVS1   60.3   57.0  4.42  4.44  2.67    912
1       20184   0.34      Ideal     E     VS2   61.2   56.0  4.51  4.54  2.77    702
2       14832   2.06      Ideal     H     SI2   62.0   57.0  8.10  8.06  5.01  11040
3       18322   0.70  Very Good     I     SI2   62.5   58.0  5.64  5.72  3.55   1580
4       22811   1.01    Premium     F     SI1   59.8   60.0  6.57  6.53  3.92   5345
[2024-02-17 13:00:19,099] 90 root - INFO - Test Dataframe Head : 
   Unnamed: 0  carat        cut color clarity  depth  table     x     y     z  price
0       10664   0.31      Ideal     I     SI1   60.8   56.0  4.38  4.41  2.67    436
1        8077   0.72    Premium     H      IF   58.7   59.0  5.94  5.88  3.47   3048
2        9463   0.33  Very Good     F     VS2   61.2   58.0  4.45  4.50  2.74    666
3       26944   0.39      Ideal     I     VS1   62.5   54.0  4.70  4.67  2.92   1047
4       12050   0.50      Ideal     E     SI1   61.8   56.0  5.11  5.07  3.14   1617
[2024-02-17 13:00:19,099] 33 root - INFO - Data Transformation initiated
[2024-02-17 13:00:19,099] 44 root - INFO - Pipeline Initiated
[2024-02-17 13:00:19,185] 108 root - INFO - Applying preprocessing object on training and testing datasets.
[2024-02-17 13:00:19,187] 118 root - INFO - preprocessing pickle file saved
[2024-02-17 13:00:19,187] 26 root - INFO - Splitting Dependent and Independent variables from train and test data
[2024-02-17 13:00:19,641] 44 root - INFO - Model Report : {'LinearRegression': 0.8349776481611046, 'Lasso': 0.8848897173351445, 'Ridge': 0.8409933532118157, 'Elasticnet': 0.819232656383013}
[2024-02-17 13:00:19,642] 57 root - INFO - Best Model Found , Model Name : Lasso , R2 Score : 0.8848897173351445
[2024-02-17 13:00:19,643] 15 root - INFO - evaluation started
[2024-02-17 13:00:19,645] 32 root - INFO - model has register
[2024-02-17 13:00:19,833] 20 root - INFO - evaluation metrics captured
